<?xml version="1.0" encoding="UTF-8"?>
<!-- Generated by org.testng.reporters.JUnitXMLReporter -->
<testsuite hostname="Sajal" ignored="0" name="Free CRM App Test Cases" tests="5" failures="0" timestamp="29 Nov 2019 16:13:10 GMT" time="109.191" errors="0">
  <testcase name="loginPageTitleTest" time="0.153" classname="com.crm.qa.testcases.LoginPageTest"/>
  <testcase name="verifyHomePageTitleTest" time="0.202" classname="com.crm.qa.testcases.HomePageTest"/>
  <testcase name="loginTest" time="10.525" classname="com.crm.qa.testcases.LoginPageTest"/>
  <testcase name="verifyUserNameTest" time="3.72" classname="com.crm.qa.testcases.HomePageTest"/>
  <testcase name="verifyContactsLinkPage" time="2.441" classname="com.crm.qa.testcases.HomePageTest"/>
</testsuite> <!-- Free CRM App Test Cases -->
