<?xml version="1.0" encoding="UTF-8"?>
<testng-results skipped="0" failed="0" ignored="0" total="5" passed="5">
  <reporter-output>
  </reporter-output>
  <suite name="FREE CRM Application Test Automation Test Suite" duration-ms="109191" started-at="2019-11-29T16:11:21Z" finished-at="2019-11-29T16:13:10Z">
    <groups>
    </groups>
    <test name="Free CRM App Test Cases" duration-ms="109191" started-at="2019-11-29T16:11:21Z" finished-at="2019-11-29T16:13:10Z">
      <class name="com.crm.qa.testcases.HomePageTest">
        <test-method status="PASS" signature="setUp()[pri:0, instance:com.crm.qa.testcases.HomePageTest@553f17c]" name="setUp" is-config="true" duration-ms="27211" started-at="2019-11-29T16:11:39Z" finished-at="2019-11-29T16:12:06Z">
          <reporter-output>
          </reporter-output>
        </test-method> <!-- setUp -->
        <test-method status="PASS" signature="verifyHomePageTitleTest()[pri:1, instance:com.crm.qa.testcases.HomePageTest@553f17c]" name="verifyHomePageTitleTest" duration-ms="202" started-at="2019-11-29T16:12:06Z" finished-at="2019-11-29T16:12:06Z">
          <reporter-output>
          </reporter-output>
        </test-method> <!-- verifyHomePageTitleTest -->
        <test-method status="PASS" signature="tearDown()[pri:0, instance:com.crm.qa.testcases.HomePageTest@553f17c]" name="tearDown" is-config="true" duration-ms="803" started-at="2019-11-29T16:12:06Z" finished-at="2019-11-29T16:12:07Z">
          <reporter-output>
          </reporter-output>
        </test-method> <!-- tearDown -->
        <test-method status="PASS" signature="setUp()[pri:0, instance:com.crm.qa.testcases.HomePageTest@553f17c]" name="setUp" is-config="true" duration-ms="17130" started-at="2019-11-29T16:12:30Z" finished-at="2019-11-29T16:12:47Z">
          <reporter-output>
          </reporter-output>
        </test-method> <!-- setUp -->
        <test-method status="PASS" signature="verifyUserNameTest()[pri:2, instance:com.crm.qa.testcases.HomePageTest@553f17c]" name="verifyUserNameTest" duration-ms="3720" started-at="2019-11-29T16:12:47Z" finished-at="2019-11-29T16:12:51Z">
          <reporter-output>
          </reporter-output>
        </test-method> <!-- verifyUserNameTest -->
        <test-method status="PASS" signature="tearDown()[pri:0, instance:com.crm.qa.testcases.HomePageTest@553f17c]" name="tearDown" is-config="true" duration-ms="841" started-at="2019-11-29T16:12:51Z" finished-at="2019-11-29T16:12:52Z">
          <reporter-output>
          </reporter-output>
        </test-method> <!-- tearDown -->
        <test-method status="PASS" signature="setUp()[pri:0, instance:com.crm.qa.testcases.HomePageTest@553f17c]" name="setUp" is-config="true" duration-ms="15140" started-at="2019-11-29T16:12:52Z" finished-at="2019-11-29T16:13:07Z">
          <reporter-output>
          </reporter-output>
        </test-method> <!-- setUp -->
        <test-method status="PASS" signature="verifyContactsLinkPage()[pri:3, instance:com.crm.qa.testcases.HomePageTest@553f17c]" name="verifyContactsLinkPage" duration-ms="2441" started-at="2019-11-29T16:13:07Z" finished-at="2019-11-29T16:13:09Z">
          <reporter-output>
          </reporter-output>
        </test-method> <!-- verifyContactsLinkPage -->
        <test-method status="PASS" signature="tearDown()[pri:0, instance:com.crm.qa.testcases.HomePageTest@553f17c]" name="tearDown" is-config="true" duration-ms="824" started-at="2019-11-29T16:13:09Z" finished-at="2019-11-29T16:13:10Z">
          <reporter-output>
          </reporter-output>
        </test-method> <!-- tearDown -->
      </class> <!-- com.crm.qa.testcases.HomePageTest -->
      <class name="com.crm.qa.testcases.LoginPageTest">
        <test-method status="PASS" signature="setUp()[pri:0, instance:com.crm.qa.testcases.LoginPageTest@5f341870]" name="setUp" is-config="true" duration-ms="16428" started-at="2019-11-29T16:11:21Z" finished-at="2019-11-29T16:11:37Z">
          <reporter-output>
          </reporter-output>
        </test-method> <!-- setUp -->
        <test-method status="PASS" signature="loginPageTitleTest()[pri:1, instance:com.crm.qa.testcases.LoginPageTest@5f341870]" name="loginPageTitleTest" duration-ms="153" started-at="2019-11-29T16:11:37Z" finished-at="2019-11-29T16:11:37Z">
          <reporter-output>
          </reporter-output>
        </test-method> <!-- loginPageTitleTest -->
        <test-method status="PASS" signature="tearDown()[pri:0, instance:com.crm.qa.testcases.LoginPageTest@5f341870]" name="tearDown" is-config="true" duration-ms="1227" started-at="2019-11-29T16:11:37Z" finished-at="2019-11-29T16:11:39Z">
          <reporter-output>
          </reporter-output>
        </test-method> <!-- tearDown -->
        <test-method status="PASS" signature="setUp()[pri:0, instance:com.crm.qa.testcases.LoginPageTest@5f341870]" name="setUp" is-config="true" duration-ms="11639" started-at="2019-11-29T16:12:07Z" finished-at="2019-11-29T16:12:18Z">
          <reporter-output>
          </reporter-output>
        </test-method> <!-- setUp -->
        <test-method status="PASS" signature="loginTest()[pri:2, instance:com.crm.qa.testcases.LoginPageTest@5f341870]" name="loginTest" duration-ms="10525" started-at="2019-11-29T16:12:18Z" finished-at="2019-11-29T16:12:29Z">
          <reporter-output>
          </reporter-output>
        </test-method> <!-- loginTest -->
        <test-method status="PASS" signature="tearDown()[pri:0, instance:com.crm.qa.testcases.LoginPageTest@5f341870]" name="tearDown" is-config="true" duration-ms="818" started-at="2019-11-29T16:12:29Z" finished-at="2019-11-29T16:12:30Z">
          <reporter-output>
          </reporter-output>
        </test-method> <!-- tearDown -->
      </class> <!-- com.crm.qa.testcases.LoginPageTest -->
    </test> <!-- Free CRM App Test Cases -->
  </suite> <!-- FREE CRM Application Test Automation Test Suite -->
</testng-results>
